2021-07-14 17:28:44,579 DEBUG MyArray - MyArray{5 
}
2021-07-14 17:28:57,334 DEBUG MyArray - MyArray{1 2 
4 5 
}
2021-07-14 17:30:22,181  INFO MyArray - 
MyArray{7 5 0 0 
3 0 6 6 
4 4 0 8 
8 3 7 7 
}
2021-07-14 17:31:15,186  INFO MyArray - 
4 

2021-07-14 17:31:15,188  INFO MyArray - 
4 

2021-07-14 17:31:24,168  INFO MyArray - 
7 2 7 2 
2 0 3 1 
2 1 7 1 
7 1 7 6 

2021-07-14 17:31:24,170  INFO MyArray - 
7 2 7 2 
2 0 3 1 
2 1 7 1 
7 1 7 6 

2021-07-14 17:31:36,556  INFO MyArray - 
2 

2021-07-14 17:31:36,559  INFO MyArray - 
2 

2021-07-14 17:33:53,726  INFO MyArray - 
4 5 6 0 0 3 
8 8 0 1 2 1 
0 0 4 3 1 4 
4 0 6 3 8 7 
7 2 1 1 6 5 
1 1 6 8 4 2 

2021-07-14 17:33:53,729  INFO MyArray - 
0 5 6 4 0 3 
8 0 8 1 2 1 
4 0 0 3 1 4 
4 3 6 0 8 7 
7 2 1 1 6 5 
1 1 6 8 4 2 

2021-07-14 17:34:09,068  INFO MyArray - 
1 

2021-07-14 17:34:09,070  INFO MyArray - 
1 

2021-07-14 17:34:30,100  INFO MyArray - 
8 4 1 
1 0 0 
5 7 7 

2021-07-14 17:34:30,101  INFO MyArray - 
8 4 1 
1 0 0 
5 7 7 

2021-07-14 17:34:38,418  INFO MyArray - 
4 1 7 1 
4 8 0 8 
1 2 5 2 
2 0 6 3 

2021-07-14 17:34:38,421  INFO MyArray - 
4 1 7 1 
4 0 8 8 
1 2 5 2 
2 3 6 0 

2021-07-14 18:35:08,046  INFO MyArray - 
2 null 
null null 

2021-07-14 18:36:45,425  INFO MyArray - 
7 0 
7 1 

2021-07-14 18:36:45,427  INFO MyArray - 
0 7 
7 1 

2021-07-14 18:37:39,258  INFO MyArray - 
8 2 
7 0 

2021-07-14 18:37:39,261  INFO MyArray - 
8 2 
7 0 

2021-07-14 18:37:44,736  INFO MyArray - 
8 5 
6 0 

2021-07-14 18:37:44,739  INFO MyArray - 
8 5 
6 0 

2021-07-14 18:39:24,483  INFO MyArray - 
5 2 
6 2 

2021-07-14 18:39:24,486  INFO MyArray - 
5 2 
6 2 

2021-07-14 18:39:57,195  INFO MyArray - 
0 4 3 2 1 7 2 
7 2 4 0 3 8 0 
0 4 7 4 6 7 3 
8 8 1 8 6 3 6 
7 6 0 1 6 3 0 
5 6 8 8 7 7 6 
5 7 1 1 3 1 1 

2021-07-14 18:39:57,198  INFO MyArray - 
0 4 3 2 1 7 2 
7 0 4 2 3 8 0 
7 4 0 4 6 7 3 
8 8 1 8 6 3 6 
7 6 6 1 0 3 0 
5 6 8 8 7 7 6 
5 7 1 1 3 1 1 

2021-07-14 18:41:00,918  INFO MyArray - 
3, 7, 2, 
0, 7, 8, 
5, 7, 8, 

2021-07-14 18:41:00,921  INFO MyArray - 
3, 7, 2, 
7, 0, 8, 
5, 7, 8, 

2021-07-14 23:38:26,346  INFO MyArray - 
2, 1, 1, 0, 
3, 2, 0, 2, 
2, 0, 2, 0, 
3, 2, 0, 1, 

2021-07-14 23:38:26,350  INFO MyArray - 
0, 1, 1, 2, 
3, 0, 2, 2, 
2, 2, 0, 0, 
3, 2, 1, 0, 

2021-07-14 23:38:40,599  INFO MyArray - 
2, 0, 5, 4, 6, 3, 0, 
2, 0, 0, 2, 6, 0, 0, 
6, 6, 0, 5, 6, 1, 4, 
2, 2, 0, 6, 2, 3, 4, 
2, 0, 3, 5, 3, 1, 6, 
3, 1, 1, 2, 1, 0, 4, 
1, 1, 6, 4, 0, 5, 0, 

2021-07-14 23:38:40,601  INFO MyArray - 
0, 2, 5, 4, 6, 3, 0, 
2, 0, 0, 2, 6, 0, 0, 
6, 6, 0, 5, 6, 1, 4, 
2, 2, 6, 0, 2, 3, 4, 
2, 3, 3, 5, 0, 1, 6, 
3, 1, 1, 2, 1, 0, 4, 
1, 1, 6, 4, 0, 5, 0, 

2021-07-14 23:39:51,597  INFO MyArray - 
4, 6, 1, 7, 6, 3, 2, 0, 2, 
8, 3, 6, 4, 5, 8, 4, 6, 2, 
1, 1, 5, 1, 6, 8, 0, 6, 4, 
3, 4, 3, 3, 3, 1, 3, 5, 2, 
7, 6, 6, 3, 3, 1, 6, 7, 5, 
6, 0, 1, 8, 0, 0, 0, 4, 4, 
1, 1, 2, 6, 0, 3, 3, 3, 5, 
7, 1, 1, 8, 8, 7, 3, 5, 2, 
7, 8, 4, 4, 8, 3, 3, 5, 5, 

2021-07-14 23:39:51,600  INFO MyArray - 
0, 6, 1, 7, 6, 3, 2, 4, 2, 
8, 3, 6, 4, 5, 8, 4, 6, 2, 
1, 1, 0, 1, 6, 8, 5, 6, 4, 
3, 4, 3, 3, 3, 1, 3, 5, 2, 
7, 6, 6, 3, 3, 1, 6, 7, 5, 
6, 0, 1, 8, 0, 0, 0, 4, 4, 
1, 1, 2, 6, 3, 3, 0, 3, 5, 
7, 1, 1, 8, 8, 7, 3, 5, 2, 
7, 8, 4, 4, 8, 3, 3, 5, 5, 

2021-07-14 23:40:23,318  INFO MyArray - 
3, 3, 1, 2, 4, 
2, 1, 3, 2, 3, 
3, 2, 1, 0, 2, 
3, 2, 2, 0, 3, 
2, 4, 4, 2, 0, 

2021-07-14 23:40:23,321  INFO MyArray - 
3, 3, 1, 2, 4, 
2, 1, 3, 2, 3, 
3, 2, 0, 1, 2, 
3, 2, 2, 0, 3, 
2, 4, 4, 2, 0, 

2021-07-14 23:40:31,174  INFO MyArray - 
2, 0, 0, 
2, 0, 0, 
2, 1, 1, 

2021-07-14 23:40:31,183  INFO MyArray - 
0, 2, 0, 
2, 0, 0, 
2, 1, 1, 

2021-07-14 23:46:55,500  INFO MyArray - 
7, 8, 2, 6, 7, 0, 3, 
7, 5, 0, 4, 5, 8, 3, 
1, 5, 7, 0, 7, 1, 1, 
2, 1, 1, 2, 3, 2, 6, 
0, 7, 6, 5, 4, 6, 7, 
4, 2, 8, 0, 6, 0, 8, 
5, 2, 5, 8, 3, 6, 6, 

2021-07-14 23:46:55,504  INFO MyArray - 
0, 8, 2, 6, 7, 7, 3, 
7, 0, 5, 4, 5, 8, 3, 
1, 5, 0, 7, 7, 1, 1, 
2, 1, 1, 2, 3, 2, 6, 
4, 7, 6, 5, 0, 6, 7, 
4, 2, 8, 0, 6, 0, 8, 
5, 2, 5, 8, 3, 6, 6, 

2021-07-14 23:47:57,709  INFO MyArray - 
0, 3, 
7, 2, 

2021-07-14 23:47:57,715  INFO MyArray - 
0, 3, 
7, 2, 

2021-07-15 00:06:13,562  INFO MyArray - 
2, 2, 3, 1, 
3, 0, 3, 2, 
1, 3, 1, 3, 
3, 2, 0, 1, 

2021-07-15 00:06:13,568  INFO MyArray - 
2, 2, 3, 1, 
3, 0, 3, 2, 
1, 3, 1, 3, 
3, 2, 1, 0, 

2021-07-15 00:06:22,668  INFO MyArray - 
2, 3, 1, 2, 1, 2, 
2, 2, 3, 5, 2, 4, 
0, 4, 0, 1, 4, 1, 
1, 5, 3, 5, 1, 4, 
4, 3, 4, 2, 2, 2, 
1, 0, 3, 0, 3, 0, 

2021-07-15 00:06:22,670  INFO MyArray - 
2, 3, 1, 2, 1, 2, 
2, 2, 3, 5, 2, 4, 
0, 4, 0, 1, 4, 1, 
1, 5, 3, 5, 1, 4, 
4, 3, 4, 2, 2, 2, 
1, 0, 3, 0, 3, 0, 

2021-07-15 00:10:02,507  INFO MyArray - 
0, 8, 0, 0, 7, 8, 0, 6, 8, 
2, 3, 7, 8, 5, 4, 0, 5, 7, 
0, 2, 0, 5, 5, 5, 7, 8, 6, 
4, 6, 6, 2, 2, 0, 4, 3, 0, 
8, 0, 8, 3, 2, 5, 5, 3, 2, 
2, 0, 2, 5, 1, 6, 6, 2, 3, 
6, 0, 4, 4, 7, 3, 5, 0, 6, 
0, 0, 7, 2, 7, 0, 6, 8, 0, 
7, 6, 6, 8, 3, 2, 6, 1, 3, 

2021-07-15 00:10:02,513  INFO MyArray - 
0, 8, 0, 0, 7, 8, 0, 6, 8, 
2, 0, 7, 8, 5, 4, 3, 5, 7, 
0, 2, 0, 5, 5, 5, 7, 8, 6, 
4, 6, 6, 0, 2, 2, 4, 3, 0, 
8, 2, 8, 3, 0, 5, 5, 3, 2, 
2, 6, 2, 5, 1, 0, 6, 2, 3, 
6, 5, 4, 4, 7, 3, 0, 0, 6, 
8, 0, 7, 2, 7, 0, 6, 0, 0, 
7, 6, 6, 8, 3, 2, 6, 1, 3, 

2021-07-15 00:10:28,890  INFO MyArray - 
5, 0, 5, 2, 5, 0, 6, 
3, 3, 6, 4, 5, 3, 2, 
1, 1, 3, 4, 1, 5, 3, 
6, 6, 0, 1, 3, 3, 4, 
2, 4, 1, 3, 0, 3, 5, 
0, 3, 1, 1, 1, 5, 1, 
2, 3, 2, 3, 1, 3, 0, 

2021-07-15 00:10:28,892  INFO MyArray - 
0, 5, 5, 2, 5, 0, 6, 
3, 3, 6, 4, 5, 3, 2, 
1, 1, 3, 4, 1, 5, 3, 
6, 6, 1, 0, 3, 3, 4, 
2, 4, 1, 3, 0, 3, 5, 
5, 3, 1, 1, 1, 0, 1, 
2, 3, 2, 3, 1, 3, 0, 

2021-07-15 00:11:02,425  INFO MyArray - 
3, 0, 4, 1, 4, 
4, 3, 1, 1, 1, 
2, 0, 1, 4, 1, 
1, 3, 3, 1, 2, 
3, 3, 1, 3, 4, 

2021-07-15 00:11:02,428  INFO MyArray - 
0, 3, 4, 1, 4, 
4, 3, 1, 1, 1, 
2, 1, 0, 4, 1, 
1, 3, 3, 1, 2, 
3, 3, 1, 3, 4, 

2021-07-15 00:11:19,636  INFO MyArray - 
0, 0, 6, 5, 0, 0, 
3, 0, 6, 0, 0, 4, 
2, 6, 5, 0, 0, 0, 
4, 1, 4, 3, 4, 1, 
1, 4, 1, 3, 2, 3, 
6, 0, 1, 0, 6, 5, 

2021-07-15 00:11:19,639  INFO MyArray - 
0, 0, 6, 5, 0, 0, 
3, 0, 6, 0, 0, 4, 
2, 6, 0, 5, 0, 0, 
4, 1, 4, 3, 4, 1, 
1, 4, 1, 3, 2, 3, 
6, 5, 1, 0, 6, 0, 

2021-07-15 00:11:46,351  INFO MyArray - 
0, 0, 3, 0, 3, 1, 1, 
0, 1, 3, 1, 1, 2, 0, 
1, 3, 3, 2, 3, 2, 0, 
2, 1, 2, 1, 3, 1, 2, 
1, 0, 0, 1, 1, 3, 3, 
2, 2, 0, 1, 1, 1, 0, 
1, 2, 1, 0, 0, 1, 2, 

2021-07-15 00:11:46,353  INFO MyArray - 
0, 0, 3, 0, 3, 1, 1, 
1, 0, 3, 1, 1, 2, 0, 
1, 3, 0, 2, 3, 2, 3, 
2, 1, 2, 1, 3, 1, 2, 
1, 1, 0, 1, 0, 3, 3, 
2, 2, 1, 1, 1, 0, 0, 
1, 2, 1, 2, 0, 1, 0, 

2021-07-15 00:12:02,650  INFO MyArray - 
2, 2, 2, 
2, 2, 0, 
1, 1, 1, 

2021-07-15 00:12:02,652  INFO MyArray - 
2, 2, 2, 
2, 0, 2, 
1, 1, 1, 

2021-07-15 00:12:35,218  INFO MyArray - 
1, 0, 1, 0, 1, 0, 
0, 0, 0, 1, 1, 0, 
1, 0, 0, 1, 1, 0, 
1, 1, 1, 1, 1, 1, 
0, 1, 0, 0, 0, 0, 
1, 1, 0, 1, 1, 1, 

2021-07-15 00:12:35,221  INFO MyArray - 
0, 1, 1, 0, 1, 0, 
0, 0, 0, 1, 1, 0, 
1, 0, 0, 1, 1, 0, 
1, 1, 1, 1, 1, 1, 
0, 1, 0, 0, 0, 0, 
1, 1, 1, 1, 1, 0, 

2021-07-15 00:12:52,439  INFO MyArray - 
1, 0, 1, 1, 1, 2, 2, 2, 
0, 1, 2, 2, 0, 2, 0, 2, 
0, 0, 2, 0, 1, 0, 1, 1, 
0, 2, 0, 0, 1, 0, 1, 2, 
2, 0, 1, 0, 1, 0, 2, 0, 
2, 1, 1, 1, 2, 0, 2, 0, 
0, 0, 1, 1, 0, 1, 0, 1, 
1, 2, 2, 2, 1, 2, 1, 0, 

2021-07-15 00:12:52,442  INFO MyArray - 
0, 1, 1, 1, 1, 2, 2, 2, 
1, 0, 2, 2, 0, 2, 0, 2, 
2, 0, 0, 0, 1, 0, 1, 1, 
0, 2, 0, 0, 1, 0, 1, 2, 
2, 1, 1, 0, 0, 0, 2, 0, 
2, 1, 1, 1, 2, 0, 2, 0, 
0, 0, 1, 1, 0, 1, 0, 1, 
1, 2, 2, 2, 1, 2, 1, 0, 

2021-07-15 00:15:18,243  INFO MyArray - 
1, 0, 0, 2, 2, 2, 1, 2, 
0, 1, 0, 1, 2, 0, 1, 2, 
2, 1, 0, 0, 2, 2, 1, 0, 
2, 2, 0, 2, 1, 0, 2, 1, 
1, 1, 2, 2, 2, 1, 0, 0, 
2, 1, 1, 2, 1, 2, 2, 2, 
2, 2, 1, 2, 1, 2, 2, 0, 
1, 1, 2, 0, 0, 0, 2, 0, 

2021-07-15 00:15:18,246  INFO MyArray - 
0, 1, 0, 2, 2, 2, 1, 2, 
1, 0, 0, 1, 2, 0, 1, 2, 
2, 1, 0, 0, 2, 2, 1, 0, 
2, 2, 2, 0, 1, 0, 2, 1, 
1, 1, 2, 2, 0, 1, 2, 0, 
2, 1, 1, 2, 1, 2, 2, 2, 
2, 2, 1, 2, 1, 2, 0, 2, 
1, 1, 2, 0, 0, 0, 2, 0, 

2021-07-15 00:17:07,678  INFO MyArray - 
2, 2, 0, 2, 
2, 0, 1, 2, 
2, 0, 0, 0, 
1, 0, 2, 1, 

2021-07-15 00:17:07,683  INFO MyArray - 
0, 2, 2, 2, 
2, 0, 1, 2, 
2, 0, 0, 0, 
1, 1, 2, 0, 

2021-07-15 00:19:17,246  INFO MyArray - 
1, 2, 
2, 0, 

2021-07-15 00:19:17,249  INFO MyArray - 
1, 2, 
2, 0, 

2021-07-15 00:19:25,695  INFO MyArray - 
1, 1, 2, 1, 
2, 1, 2, 1, 
1, 0, 0, 2, 
0, 1, 2, 1, 

2021-07-15 00:19:25,696  INFO MyArray - 
1, 1, 2, 1, 
2, 1, 2, 1, 
1, 0, 0, 2, 
1, 1, 2, 0, 

2021-07-15 00:19:42,667  INFO MyArray - 
0, 0, 1, 1, 1, 0, 6, 3, 
0, 0, 1, 6, 1, 0, 1, 8, 
1, 1, 0, 0, 3, 1, 1, 1, 
1, 1, 1, 0, 1, 1, 1, 0, 
1, 0, 0, 3, 1, 8, 6, 1, 
0, 1, 1, 0, 1, 6, 5, 1, 
1, 1, 1, 0, 1, 1, 0, 2, 
0, 0, 0, 0, 1, 7, 1, 0, 

2021-07-15 00:19:42,670  INFO MyArray - 
0, 0, 1, 1, 1, 0, 6, 3, 
0, 0, 1, 6, 1, 0, 1, 8, 
1, 1, 0, 0, 3, 1, 1, 1, 
1, 1, 1, 0, 1, 1, 1, 0, 
1, 1, 0, 3, 0, 8, 6, 1, 
6, 1, 1, 0, 1, 0, 5, 1, 
1, 1, 1, 0, 1, 1, 0, 2, 
0, 0, 0, 0, 1, 7, 1, 0, 

2021-07-15 00:21:39,848  INFO MyArray - 
1, 1, 1, 1, 0, 0, 
1, 1, 0, 1, 1, 3, 
1, 1, 1, 1, 1, 1, 
0, 2, 1, 1, 1, 1, 
0, 1, 1, 1, 7, 1, 
0, 0, 5, 1, 8, 1, 

2021-07-15 00:21:39,851  INFO MyArray - 
0, 1, 1, 1, 1, 0, 
1, 0, 1, 1, 1, 3, 
1, 1, 1, 1, 1, 1, 
1, 2, 1, 0, 1, 1, 
7, 1, 1, 1, 0, 1, 
1, 0, 5, 1, 8, 0, 

2021-07-15 00:21:50,678  INFO MyArray - 
1, 0, 1, 3, 1, 1, 8, 1, 4, 
0, 3, 1, 1, 1, 7, 1, 3, 1, 
1, 0, 1, 1, 1, 6, 7, 7, 1, 
1, 0, 1, 1, 1, 1, 1, 5, 1, 
0, 8, 6, 5, 2, 7, 5, 0, 1, 
1, 1, 0, 6, 6, 2, 6, 1, 7, 
1, 1, 1, 1, 0, 1, 1, 1, 0, 
1, 0, 1, 4, 0, 1, 5, 7, 5, 
0, 1, 2, 1, 1, 1, 0, 6, 6, 

2021-07-15 00:21:50,680  INFO MyArray - 
0, 1, 1, 3, 1, 1, 8, 1, 4, 
3, 0, 1, 1, 1, 7, 1, 3, 1, 
1, 1, 0, 1, 1, 6, 7, 7, 1, 
1, 1, 1, 0, 1, 1, 1, 5, 1, 
2, 8, 6, 5, 0, 7, 5, 0, 1, 
1, 1, 2, 6, 6, 0, 6, 1, 7, 
1, 1, 1, 1, 1, 1, 0, 1, 0, 
1, 7, 1, 4, 0, 1, 5, 0, 5, 
6, 1, 2, 1, 1, 1, 0, 6, 0, 

2021-07-15 00:22:11,510  INFO MyArray - 
0, 7, 1, 1, 0, 1, 
0, 1, 1, 6, 8, 1, 
0, 1, 2, 1, 5, 1, 
0, 2, 0, 1, 1, 6, 
1, 0, 1, 1, 6, 8, 
0, 1, 1, 5, 3, 4, 

2021-07-15 00:22:11,513  INFO MyArray - 
0, 7, 1, 1, 0, 1, 
1, 0, 1, 6, 8, 1, 
2, 1, 0, 1, 5, 1, 
1, 2, 0, 0, 1, 6, 
1, 6, 1, 1, 0, 8, 
4, 1, 1, 5, 3, 0, 

2021-07-15 00:22:37,255  INFO MyArray - 
0, 1, 1, 2, 
1, 1, 1, 0, 
1, 1, 0, 1, 
0, 7, 1, 1, 

2021-07-15 00:22:37,258  INFO MyArray - 
0, 1, 1, 2, 
1, 0, 1, 1, 
1, 1, 0, 1, 
1, 7, 1, 0, 

2021-07-15 00:22:48,528  INFO MyArray - 
1, 1, 0, 1, 1, 1, 4, 
1, 1, 0, 1, 7, 5, 1, 
0, 1, 8, 1, 5, 6, 1, 
0, 1, 0, 1, 1, 2, 1, 
0, 2, 0, 1, 1, 8, 1, 
1, 1, 0, 1, 5, 1, 1, 
0, 1, 4, 1, 1, 1, 6, 

2021-07-15 00:22:48,530  INFO MyArray - 
0, 1, 1, 1, 1, 1, 4, 
1, 0, 1, 1, 7, 5, 1, 
8, 1, 0, 1, 5, 6, 1, 
1, 1, 0, 0, 1, 2, 1, 
1, 2, 0, 1, 0, 8, 1, 
1, 1, 1, 1, 5, 0, 1, 
6, 1, 4, 1, 1, 1, 0, 

2021-07-15 00:23:21,797  INFO MyArray - 
1, 0, 4, 1, 3, 4, 
0, 5, 1, 7, 1, 1, 
1, 0, 3, 5, 1, 2, 
1, 1, 0, 1, 6, 0, 
0, 4, 1, 1, 1, 2, 
1, 1, 1, 1, 1, 1, 

2021-07-15 00:23:21,799  INFO MyArray - 
0, 1, 4, 1, 3, 4, 
5, 0, 1, 7, 1, 1, 
1, 3, 0, 5, 1, 2, 
1, 1, 1, 0, 6, 0, 
1, 4, 1, 1, 0, 2, 
1, 1, 1, 1, 1, 1, 

2021-07-15 00:23:37,077  INFO MyArray - 
0, 1, 1, 7, 1, 
1, 1, 0, 1, 5, 
1, 0, 7, 4, 8, 
1, 1, 0, 1, 2, 
0, 7, 5, 1, 1, 

2021-07-15 00:23:37,079  INFO MyArray - 
0, 1, 1, 7, 1, 
1, 0, 1, 1, 5, 
1, 7, 0, 4, 8, 
1, 1, 1, 0, 2, 
1, 7, 5, 1, 0, 

2021-07-15 00:23:47,906  INFO MyArray - 
1, 0, 
0, 1, 

2021-07-15 00:23:47,908  INFO MyArray - 
0, 1, 
1, 0, 

2021-07-15 00:23:54,928  INFO MyArray - 
1, 1, 0, 
1, 0, 0, 
0, 7, 1, 

2021-07-15 00:23:54,930  INFO MyArray - 
0, 1, 1, 
1, 0, 0, 
1, 7, 0, 

2021-07-15 00:24:47,807  INFO MyArray - 
1, 1, 0, 
0, 1, 4, 
0, 3, 0, 

2021-07-15 00:24:47,811  INFO MyArray - 
0, 1, 1, 
1, 0, 4, 
0, 3, 0, 

2021-07-15 00:24:57,760  INFO MyArray - 
1, 1, 1, 
1, 1, 0, 
0, 3, 3, 

2021-07-15 00:24:57,762  INFO MyArray - 
1, 1, 1, 
1, 0, 1, 
3, 3, 0, 

2021-07-15 00:25:05,337  INFO MyArray - 
0, 1, 4, 6, 3, 6, 
1, 0, 1, 1, 2, 1, 
0, 1, 6, 5, 6, 0, 
0, 1, 1, 2, 1, 2, 
0, 1, 1, 1, 1, 4, 
1, 0, 1, 1, 1, 4, 

2021-07-15 00:25:05,339  INFO MyArray - 
0, 1, 4, 6, 3, 6, 
1, 0, 1, 1, 2, 1, 
6, 1, 0, 5, 6, 0, 
2, 1, 1, 0, 1, 2, 
1, 1, 1, 1, 0, 4, 
1, 4, 1, 1, 1, 0, 

2021-07-15 00:25:15,450  INFO MyArray - 
0, 1, 
1, 0, 

2021-07-15 00:25:15,453  INFO MyArray - 
0, 1, 
1, 0, 

2021-07-15 00:25:22,100  INFO MyArray - 
1, 1, 1, 0, 7, 7, 3, 1, 2, 
0, 4, 2, 1, 1, 8, 1, 1, 1, 
1, 0, 1, 2, 5, 2, 8, 1, 1, 
1, 1, 1, 1, 0, 1, 5, 1, 2, 
1, 1, 0, 1, 1, 1, 1, 1, 1, 
1, 0, 4, 7, 8, 8, 0, 1, 1, 
1, 0, 1, 1, 1, 1, 1, 1, 4, 
0, 1, 1, 1, 1, 1, 1, 1, 1, 
0, 6, 3, 8, 1, 2, 1, 8, 1, 

2021-07-15 00:25:22,103  INFO MyArray - 
0, 1, 1, 1, 7, 7, 3, 1, 2, 
4, 0, 2, 1, 1, 8, 1, 1, 1, 
1, 1, 0, 2, 5, 2, 8, 1, 1, 
1, 1, 1, 0, 1, 1, 5, 1, 2, 
1, 1, 1, 1, 0, 1, 1, 1, 1, 
1, 8, 4, 7, 8, 0, 0, 1, 1, 
1, 1, 1, 1, 1, 1, 0, 1, 4, 
1, 1, 1, 1, 1, 1, 1, 0, 1, 
1, 6, 3, 8, 1, 2, 1, 8, 0, 

2021-07-15 00:26:08,201  INFO MyArray - 
1, 0, 8, 4, 5, 2, 
1, 0, 1, 3, 1, 1, 
1, 0, 1, 1, 1, 4, 
0, 1, 1, 5, 3, 1, 
0, 1, 0, 1, 1, 6, 
1, 0, 2, 1, 6, 3, 

2021-07-15 00:26:08,204  INFO MyArray - 
0, 1, 8, 4, 5, 2, 
1, 0, 1, 3, 1, 1, 
1, 1, 0, 1, 1, 4, 
5, 1, 1, 0, 3, 1, 
1, 1, 0, 1, 0, 6, 
1, 3, 2, 1, 6, 0, 

2021-07-15 00:26:25,143  INFO MyArray - 
0, 1, 7, 3, 1, 1, 
0, 1, 1, 6, 0, 4, 
1, 1, 0, 6, 8, 0, 
0, 1, 2, 0, 1, 1, 
0, 1, 3, 8, 7, 1, 
1, 1, 0, 1, 2, 7, 

2021-07-15 00:26:25,146  INFO MyArray - 
0, 1, 7, 3, 1, 1, 
1, 0, 1, 6, 0, 4, 
1, 1, 0, 6, 8, 0, 
0, 1, 2, 0, 1, 1, 
7, 1, 3, 8, 0, 1, 
1, 1, 7, 1, 2, 0, 

2021-07-15 00:31:48,393  INFO MyArray - 
1, 1, 0, 1, 1, 4, 
1, 1, 0, 3, 6, 1, 
1, 0, 1, 1, 6, 2, 
1, 1, 0, 8, 8, 9, 
1, 0, 5, 1, 1, 1, 
1, 0, 1, 1, 3, 1, 

2021-07-15 00:31:48,397  INFO MyArray - 
0, 1, 1, 1, 1, 4, 
1, 0, 1, 3, 6, 1, 
1, 1, 0, 1, 6, 2, 
1, 1, 8, 0, 8, 9, 
1, 1, 5, 1, 0, 1, 
1, 1, 1, 1, 3, 0, 

2021-07-15 00:32:04,675  INFO MyArray - 
0, 1, 1, 
0, 1, 1, 
1, 1, 0, 

2021-07-15 00:32:04,677  INFO MyArray - 
0, 1, 1, 
1, 0, 1, 
1, 1, 0, 

2021-07-15 00:32:12,735  INFO MyArray - 
1, 0, 1, 1, 1, 3, 7, 
0, 1, 9, 4, 1, 5, 1, 
1, 0, 5, 8, 1, 3, 8, 
0, 2, 1, 4, 1, 6, 2, 
1, 1, 1, 0, 1, 9, 4, 
0, 9, 1, 6, 4, 1, 1, 
1, 1, 0, 9, 1, 8, 7, 

2021-07-15 00:32:12,736  INFO MyArray - 
0, 1, 1, 1, 1, 3, 7, 
1, 0, 9, 4, 1, 5, 1, 
1, 5, 0, 8, 1, 3, 8, 
4, 2, 1, 0, 1, 6, 2, 
1, 1, 1, 1, 0, 9, 4, 
1, 9, 1, 6, 4, 0, 1, 
1, 1, 7, 9, 1, 8, 0, 

2021-07-15 01:26:03,975  INFO MyArray - 
0 1 8 
1 1 1 
1 0 9 

2021-07-15 01:26:03,978  INFO MyArray - 
0 1 8 
1 1 1 
1 9 0 

2021-07-15 01:28:11,035  INFO MyArray - 
1 1 0 6 
0 1 1 5 
0 2 1 1 
1 0 1 1 

2021-07-15 01:28:11,039  INFO MyArray - 
0 1 1 6 
1 0 1 5 
1 2 0 1 
1 1 1 0 

2021-07-15 03:03:05,710  INFO MyArray - 
1 0 1 1 1 4 8 
0 1 6 5 2 1 1 
0 3 3 9 1 5 7 
1 1 1 1 1 1 1 
0 1 1 6 7 1 1 
0 6 4 1 3 1 5 
0 1 1 6 1 4 6 

2021-07-15 03:03:05,712  INFO MyArray - 
0 1 1 1 1 4 8 
1 0 6 5 2 1 1 
3 3 0 9 1 5 7 
1 1 1 1 1 1 1 
7 1 1 6 0 1 1 
1 6 4 1 3 0 5 
6 1 1 6 1 4 0 

2021-07-15 03:03:23,440  INFO MyArray - 
0 9 
0 1 

2021-07-15 03:03:23,442  INFO MyArray - 
0 9 
1 0 

2021-07-15 03:03:39,944  INFO MyArray - 
0 7 
1 0 

2021-07-15 03:03:39,945  INFO MyArray - 
0 7 
1 0 

2021-07-15 03:04:46,583  INFO MyArray - 
0 1 1 5 5 
1 1 1 1 1 
0 5 1 1 6 
1 0 1 1 5 
1 0 5 1 4 

2021-07-15 03:04:46,585  INFO MyArray - 
0 1 1 5 5 
1 1 1 1 1 
1 5 0 1 6 
1 1 1 0 5 
1 4 5 1 0 

2021-07-15 03:04:53,736  INFO MyArray - 
1 1 1 0 1 
0 1 5 2 9 
0 9 4 1 1 
0 5 5 1 1 
0 4 1 1 9 

2021-07-15 03:04:53,738  INFO MyArray - 
0 1 1 1 1 
1 0 5 2 9 
4 9 0 1 1 
1 5 5 0 1 
9 4 1 1 0 

2021-07-15 03:13:13,357  INFO MyArray - 
1 1 0 1 4 
0 2 1 7 3 
1 0 1 8 2 
1 0 1 4 6 
0 2 4 6 1 

2021-07-15 03:13:13,359  INFO MyArray - 
0 1 1 1 4 
2 0 1 7 3 
1 1 0 8 2 
1 4 1 0 6 
1 2 4 6 0 

